0 info it worked if it ends with ok
1 verbose cli [ 'node', '/usr/local/bin/npm', 'start' ]
2 info using npm@2.0.2
3 info using node@v0.10.32
4 verbose node symlink /usr/local/bin/node
5 verbose run-script [ 'prestart', 'start', 'poststart' ]
6 info prestart ghost@0.5.3
7 info start ghost@0.5.3
8 verbose unsafe-perm in lifecycle true
9 info ghost@0.5.3 Failed to exec start script
10 verbose stack Error: ghost@0.5.3 start: `nodemonnpm index`
10 verbose stack Exit status 127
10 verbose stack     at ChildProcess.<anonymous> (/usr/local/lib/node_modules/npm/lib/utils/lifecycle.js:212:16)
10 verbose stack     at ChildProcess.emit (events.js:98:17)
10 verbose stack     at maybeClose (child_process.js:756:16)
10 verbose stack     at Process.ChildProcess._handle.onexit (child_process.js:823:5)
11 verbose pkgid ghost@0.5.3
12 verbose cwd /Users/pramods/Documents/Box Documents/ammablog
13 error Darwin 14.0.0
14 error argv "node" "/usr/local/bin/npm" "start"
15 error node v0.10.32
16 error npm  v2.0.2
17 error code ELIFECYCLE
18 error ghost@0.5.3 start: `nodemonnpm index`
18 error Exit status 127
19 error Failed at the ghost@0.5.3 start script.
19 error This is most likely a problem with the ghost package,
19 error not with npm itself.
19 error Tell the author that this fails on your system:
19 error     nodemonnpm index
19 error You can get their info via:
19 error     npm owner ls ghost
19 error There is likely additional logging output above.
20 verbose exit [ 1, true ]
